<?xml version="1.0" encoding="UTF-8"?>
<testng-results ignored="0" total="1" passed="1" failed="0" skipped="0">
  <reporter-output>
  </reporter-output>
  <suite started-at="2026-02-13T10:58:59 IST" name="Suite" finished-at="2026-02-13T10:59:09 IST" duration-ms="10704">
    <groups>
    </groups>
    <test started-at="2026-02-13T10:58:59 IST" name="Test" finished-at="2026-02-13T10:59:09 IST" duration-ms="10704">
      <class name="testcases.loginTest">
        <test-method is-config="true" signature="setup()[pri:0, instance:testcases.loginTest@1b0a7baf]" started-at="2026-02-13T10:58:59 IST" name="setup" finished-at="2026-02-13T10:59:01 IST" duration-ms="2362" status="PASS">
          <reporter-output>
          </reporter-output>
        </test-method> <!-- setup -->
        <test-method signature="loginvalidate()[pri:0, instance:testcases.loginTest@1b0a7baf]" started-at="2026-02-13T10:59:01 IST" name="loginvalidate" finished-at="2026-02-13T10:59:09 IST" duration-ms="8171" status="PASS">
          <reporter-output>
          </reporter-output>
        </test-method> <!-- loginvalidate -->
        <test-method is-config="true" signature="tearDown()[pri:0, instance:testcases.loginTest@1b0a7baf]" started-at="2026-02-13T10:59:09 IST" name="tearDown" finished-at="2026-02-13T10:59:09 IST" duration-ms="111" status="PASS">
          <reporter-output>
          </reporter-output>
        </test-method> <!-- tearDown -->
      </class> <!-- testcases.loginTest -->
    </test> <!-- Test -->
  </suite> <!-- Suite -->
</testng-results>
